TN:
SF:script/Deploy.s.sol
DA:42,0
FN:42,Deploy.run
FNDA:0,Deploy.run
DA:43,0
DA:44,0
DA:46,0
DA:48,0
DA:50,0
DA:55,0
DA:62,0
FN:62,Deploy.deployBulletinFactory
FNDA:0,Deploy.deployBulletinFactory
DA:63,0
DA:64,0
DA:67,0
FN:67,Deploy.deployBulletin
FNDA:0,Deploy.deployBulletin
DA:68,0
DA:70,0
BRDA:70,0,0,-
BRDA:70,0,1,-
DA:71,0
DA:72,0
DA:76,0
DA:77,0
FNF:3
FNH:0
LF:17
LH:0
BRF:2
BRH:0
end_of_record
TN:
SF:src/Bulletin.sol
DA:43,1026
FN:43,Bulletin.checkSum
FNDA:1026,Bulletin.checkSum
DA:45,1026
DA:46,1026
DA:47,2051
DA:51,1026
DA:52,0
BRDA:52,0,0,-
DA:62,1062
FN:62,Bulletin.init
FNDA:1062,Bulletin.init
DA:63,1062
DA:70,4870
FN:70,Bulletin.ask
FNDA:4870,Bulletin.ask
DA:72,4870
DA:75,4870
DA:79,2821
FN:79,Bulletin.resource
FNDA:2821,Bulletin.resource
DA:81,2821
DA:87,2563
FN:87,Bulletin.trade
FNDA:2563,Bulletin.trade
DA:89,0
BRDA:89,1,0,-
DA:92,2563
DA:93,2563
BRDA:93,2,0,2563
BRDA:93,2,1,2563
DA:94,2563
DA:95,2563
BRDA:95,3,0,-
DA:96,2563
BRDA:96,4,0,-
DA:99,2563
DA:108,2563
DA:110,0
DA:120,1024
FN:120,Bulletin.updateAsk
FNDA:1024,Bulletin.updateAsk
DA:121,1024
DA:122,1024
BRDA:122,5,0,256
DA:123,0
BRDA:123,6,0,-
DA:125,768
BRDA:125,7,0,764
DA:126,764
DA:129,764
DA:132,768
DA:135,1026
FN:135,Bulletin.withdrawAsk
FNDA:1026,Bulletin.withdrawAsk
DA:136,1026
DA:137,1026
BRDA:137,8,0,-
DA:138,0
BRDA:138,9,0,-
DA:140,1026
DA:141,1026
DA:142,1026
DA:145,1026
FN:145,Bulletin.settleAsk
FNDA:1026,Bulletin.settleAsk
DA:149,1026
DA:154,257
FN:154,Bulletin.updateResource
FNDA:257,Bulletin.updateResource
DA:155,257
DA:156,257
BRDA:156,10,0,-
DA:158,257
DA:163,3075
FN:163,Bulletin.approveTrade
FNDA:3075,Bulletin.approveTrade
DA:164,3075
DA:167,256
FN:167,Bulletin.rejectTrade
FNDA:256,Bulletin.rejectTrade
DA:168,256
DA:174,2051
FN:174,Bulletin.incrementUsage
FNDA:2051,Bulletin.incrementUsage
DA:180,2051
DA:190,3
FN:190,Bulletin.comment
FNDA:3,Bulletin.comment
DA:197,3
DA:200,3
DA:201,3
BRDA:201,11,0,-
DA:203,3
DA:204,3
DA:211,5638
FN:211,Bulletin._setAsk
FNDA:5638,Bulletin._setAsk
DA:213,5638
DA:225,5638
DA:228,3078
FN:228,Bulletin._setResource
FNDA:3078,Bulletin._setResource
DA:229,3078
DA:239,3078
DA:242,3331
FN:242,Bulletin._processTrade
FNDA:3331,Bulletin._processTrade
DA:247,3331
DA:250,3331
BRDA:250,12,0,256
DA:253,0
BRDA:253,13,0,-
DA:256,3075
BRDA:256,14,0,256
DA:259,2819
DA:260,2819
DA:262,2819
DA:265,1026
FN:265,Bulletin._settleAsk
FNDA:1026,Bulletin._settleAsk
DA:270,1026
DA:271,1026
BRDA:271,15,0,-
DA:274,1026
DA:277,1026
BRDA:277,16,0,-
DA:279,1026
DA:280,1026
DA:281,1026
DA:283,2051
DA:291,2051
DA:293,2051
DA:297,2051
BRDA:297,17,0,2051
DA:298,2051
DA:307,1026
DA:309,1026
DA:313,9475
FN:313,Bulletin.route
FNDA:9475,Bulletin.route
DA:319,9475
BRDA:319,18,0,2558
BRDA:319,18,1,3075
DA:320,2558
DA:321,766
BRDA:321,19,0,766
BRDA:320,19,1,1792
DA:322,1792
BRDA:322,20,0,-
DA:324,6917
DA:334,0
FN:334,Bulletin.filterTrades
FNDA:0,Bulletin.filterTrades
DA:340,1026
DA:343,1026
DA:346,1026
BRDA:346,21,0,1026
DA:347,1026
DA:348,1026
DA:350,2051
DA:352,2051
BRDA:352,22,0,2051
BRDA:352,22,1,-
DA:353,2051
DA:354,0
BRDA:354,23,0,-
BRDA:354,23,1,-
DA:355,0
DA:364,4869
FN:364,Bulletin.encodeAsset
FNDA:4869,Bulletin.encodeAsset
DA:368,6920
DA:372,0
FN:372,Bulletin.decodeAsset
FNDA:0,Bulletin.decodeAsset
DA:376,6668
DA:377,6668
DA:385,3079
FN:385,Bulletin.getAsk
FNDA:3079,Bulletin.getAsk
DA:386,3079
DA:389,4872
FN:389,Bulletin.getResource
FNDA:4872,Bulletin.getResource
DA:390,4872
DA:393,0
FN:393,Bulletin.getResource
FNDA:0,Bulletin.getResource
DA:396,0
DA:399,0
DA:402,0
FN:402,Bulletin.getResourceOwner
FNDA:0,Bulletin.getResourceOwner
DA:405,2051
DA:408,2051
DA:409,2051
DA:412,1024
FN:412,Bulletin.getTrade
FNDA:1024,Bulletin.getTrade
DA:416,1024
DA:419,1797
FN:419,Bulletin.getUsage
FNDA:1797,Bulletin.getUsage
DA:423,1797
FNF:27
FNH:23
LF:122
LH:108
BRF:29
BRH:13
end_of_record
TN:
SF:src/BulletinFactory.sol
DA:42,3
FN:42,BulletinFactory.constructor
FNDA:3,BulletinFactory.constructor
DA:43,3
DA:50,256
FN:50,BulletinFactory.determineBulletin
FNDA:256,BulletinFactory.determineBulletin
DA:53,256
DA:54,256
DA:61,512
FN:61,BulletinFactory.deployBulletin
FNDA:512,BulletinFactory.deployBulletin
DA:65,512
DA:70,512
DA:74,512
DA:75,512
DA:78,512
DA:80,512
FNF:3
FNH:3
LF:12
LH:12
BRF:0
BRH:0
end_of_record
TN:
SF:src/auth/OwnableRoles.sol
DA:59,4870
FN:59,OwnableRoles._updateRoles
FNDA:4870,OwnableRoles._updateRoles
DA:66,4870
DA:67,4870
DA:68,4870
DA:70,4870
DA:72,4870
DA:76,4870
BRDA:76,0,0,-
DA:77,0
DA:80,4870
DA:82,4870
DA:94,4870
FN:94,OwnableRoles._grantRoles
FNDA:4870,OwnableRoles._grantRoles
DA:95,4870
DA:100,0
FN:100,OwnableRoles._removeRoles
FNDA:0,OwnableRoles._removeRoles
DA:101,0
DA:105,2051
FN:105,OwnableRoles._checkRoles
FNDA:2051,OwnableRoles._checkRoles
DA:109,2051
DA:110,2051
DA:113,2051
BRDA:113,1,0,-
DA:114,0
DA:115,0
DA:123,7691
FN:123,OwnableRoles._checkOwnerOrRoles
FNDA:7691,OwnableRoles._checkOwnerOrRoles
DA:128,7691
BRDA:128,2,0,-
DA:130,3331
DA:131,3331
DA:134,3331
BRDA:134,3,0,-
DA:135,0
DA:136,0
DA:168,0
FN:168,OwnableRoles._rolesFromOrdinals
FNDA:0,OwnableRoles._rolesFromOrdinals
DA:174,0
DA:176,0
DA:177,0
DA:180,0
DA:189,0
FN:189,OwnableRoles._ordinalsFromRoles
FNDA:0,OwnableRoles._ordinalsFromRoles
DA:195,0
DA:196,0
DA:197,0
DA:201,0
DA:204,0
DA:205,0
DA:208,0
DA:209,0
DA:210,0
DA:211,0
BRDA:211,4,0,-
DA:212,0
DA:216,0
DA:218,0
DA:228,5126
FN:228,OwnableRoles.grantRoles
FNDA:5126,OwnableRoles.grantRoles
DA:232,4870
DA:237,0
FN:237,OwnableRoles.revokeRoles
FNDA:0,OwnableRoles.revokeRoles
DA:241,0
DA:246,0
FN:246,OwnableRoles.renounceRoles
FNDA:0,OwnableRoles.renounceRoles
DA:247,0
DA:255,0
FN:255,OwnableRoles.rolesOf
FNDA:0,OwnableRoles.rolesOf
DA:259,2307
DA:260,2307
DA:262,2307
DA:267,2307
FN:267,OwnableRoles.hasAnyRole
FNDA:2307,OwnableRoles.hasAnyRole
DA:271,2307
DA:284,2051
FN:284,OwnableRoles.onlyRoles
FNDA:2051,OwnableRoles.onlyRoles
DA:285,2051
DA:291,4870
FN:291,OwnableRoles.onlyOwnerOrRoles
FNDA:4870,OwnableRoles.onlyOwnerOrRoles
DA:292,4870
FNF:14
FNH:8
LF:62
LH:31
BRF:5
BRH:0
end_of_record
TN:
SF:src/utils/LibClone.sol
DA:20,512
FN:20,LibClone.cloneDeterministic
FNDA:512,LibClone.cloneDeterministic
DA:27,512
DA:28,512
DA:29,512
DA:30,512
DA:31,512
DA:32,512
DA:35,512
DA:38,512
DA:40,512
DA:42,512
DA:50,512
DA:54,512
DA:61,512
DA:64,512
DA:72,512
BRDA:72,0,0,-
DA:74,0
DA:76,0
DA:80,512
DA:81,512
DA:82,512
DA:83,512
DA:84,512
DA:90,256
FN:90,LibClone.predictDeterministicAddress
FNDA:256,LibClone.predictDeterministicAddress
DA:98,256
DA:99,256
DA:100,256
DA:101,256
DA:102,256
DA:103,256
DA:106,256
DA:109,256
DA:111,256
DA:113,256
DA:121,256
DA:125,256
DA:132,256
DA:135,256
DA:136,256
DA:137,256
DA:138,256
DA:139,256
DA:141,256
DA:144,256
DA:145,256
DA:146,256
DA:147,256
DA:148,256
FNF:2
FNH:2
LF:48
LH:46
BRF:1
BRH:0
end_of_record
